2025-03-02 09:16:48.488 [info] Extension host with pid 201 started
2025-03-02 09:16:48.523 [info] Lock '/root/.vscode-server/data/User/workspaceStorage/4d0c2b7a420dba6d062f974ef8cd25fe/vscode.lock': Lock acquired.
2025-03-02 09:16:48.682 [info] ExtensionService#_doActivateExtension vscode.git-base, startup: false, activationEvent: '*'
2025-03-02 09:16:48.770 [info] ExtensionService#_doActivateExtension vscode.github, startup: false, activationEvent: '*'
2025-03-02 09:16:48.944 [info] Eager extensions activated
2025-03-02 09:16:48.945 [info] ExtensionService#_doActivateExtension vscode.debug-auto-launch, startup: false, activationEvent: 'onStartupFinished'
2025-03-02 09:16:48.945 [info] ExtensionService#_doActivateExtension vscode.merge-conflict, startup: false, activationEvent: 'onStartupFinished'
2025-03-02 09:16:52.771 [info] ExtensionService#_doActivateExtension vscode.git, startup: false, activationEvent: 'api', root cause: vscode.github
2025-03-02 09:17:05.119 [error] Error: getaddrinfo EAI_AGAIN mobile.events.data.microsoft.com
	at GetAddrInfoReqWrap.onlookupall [as oncomplete] (node:dns:120:26)
2025-03-02 09:17:13.672 [error] Error: getaddrinfo EAI_AGAIN mobile.events.data.microsoft.com
	at GetAddrInfoReqWrap.onlookupall [as oncomplete] (node:dns:120:26)
2025-03-02 09:17:14.270 [info] ExtensionService#_doActivateExtension vscode.emmet, startup: false, activationEvent: 'onLanguage'
2025-03-02 09:18:28.150 [info] ExtensionService#_doActivateExtension vscode.configuration-editing, startup: false, activationEvent: 'onLanguage:jsonc'
2025-03-02 09:18:28.151 [info] ExtensionService#_doActivateExtension vscode.json-language-features, startup: false, activationEvent: 'onLanguage:jsonc'
2025-03-02 09:18:28.151 [info] ExtensionService#_doActivateExtension vscode.typescript-language-features, startup: false, activationEvent: 'onLanguage:jsonc'
2025-03-02 09:18:40.792 [error] Error: getaddrinfo EAI_AGAIN mobile.events.data.microsoft.com
	at GetAddrInfoReqWrap.onlookupall [as oncomplete] (node:dns:120:26)
2025-03-02 09:18:49.452 [error] Error: getaddrinfo EAI_AGAIN mobile.events.data.microsoft.com
	at GetAddrInfoReqWrap.onlookupall [as oncomplete] (node:dns:120:26)
2025-03-02 09:21:32.281 [info] ExtensionService#_doActivateExtension vscode.npm, startup: false, activationEvent: 'onTerminalQuickFixRequest:ms-vscode.npm-command'
2025-03-02 09:21:37.689 [info] ExtensionService#_doActivateExtension vscode.extension-editing, startup: false, activationEvent: 'onLanguage:json'
